environment: 
YAML: configs/fedntd.yaml
==> model: Resnet18
==> client_model: Resnet18
==> dataset_path: datasets/cifar10
==> dataset: cifar10
==> nclass: 10
==> test_dataset: cifar10
==> test_dataset_path: datasets/cifar10
==> standardize: True
==> augment: True
==> pin_memory: True
==> n_workers: 4
==> SEED: 42
==> batch_size: 32
==> gpu: 0
==> server_gpu: 0
==> adv: False
==> iid: False
==> beta: 0.4
==> alpha: 0.01
==> params_avg: 0.001
==> n_clients: 10
==> sample_clients: 1
==> lr: 0.001
==> total_iterations: 100
==> client_iterations: 5
==> img_size: [32, 32]
==> eval_mode: True
==> individual: False
==> opt: SGD
==> momentum: 0.9
==> return_logs: False
==> pid: 30011
augmenting dataset
standardizing dataset
Files already downloaded and verified
50000
non iid data loading
tensor([ 7802,  1100,     3,  3220,   104,  2156,   353,  2676, 27992,  4594])
Files already downloaded and verified
iteration [1/100]
############## client 1 ##############
epochs: [1/5] train_acc: 0.167 train_loss: 2.551
