environment: 
YAML: configs/fedprox1.yaml
==> model: Resnet18
==> client_model: Resnet18
==> dataset_path: datasets/cifar10
==> dataset: cifar10
==> nclass: 10
==> test_dataset: cifar10
==> test_dataset_path: datasets/cifar10
==> standardize: True
==> augment: True
==> pin_memory: True
==> n_workers: 4
==> SEED: 42
==> batch_size: 32
==> gpu: 0
==> server_gpu: 0
==> adv: False
==> iid: False
==> beta: 0.6
==> alpha: 0.01
==> params_avg: 0.001
==> n_clients: 30
==> sample_clients: 0.3
==> lr: 0.001
==> total_iterations: 100
==> client_iterations: 5
==> img_size: [32, 32]
==> eval_mode: True
==> individual: False
==> opt: SGD
==> momentum: 0.9
==> return_logs: False
==> pid: 30011
augmenting dataset
standardizing dataset
Files already downloaded and verified
50000
non iid data loading
tensor([ 4648,  1183,    26,  2208,   273,  1466,   483,  2117, 15150,  3339,
         2279,  1255,   289,    43,   703,   778,   353,   744,   916,   234,
          344,   148,  1013,  1629,  2836,   110,    75,  2163,    36,  3159])
Files already downloaded and verified
iteration [1/100]
############## client 20 ##############
epochs: [1/5] train_acc: 0.098 train_loss: 2.901
epochs: [2/5] train_acc: 0.231 train_loss: 2.391
epochs: [3/5] train_acc: 0.348 train_loss: 2.137
epochs: [4/5] train_acc: 0.462 train_loss: 1.855
epochs: [5/5] train_acc: 0.495 train_loss: 1.650
############## client 3 ##############
epochs: [1/5] train_acc: 0.206 train_loss: 2.488
epochs: [2/5] train_acc: 0.308 train_loss: 2.179
epochs: [3/5] train_acc: 0.388 train_loss: 1.956
epochs: [4/5] train_acc: 0.428 train_loss: 1.846
epochs: [5/5] train_acc: 0.492 train_loss: 1.733
############## client 0 ##############
epochs: [1/5] train_acc: 0.260 train_loss: 2.315
epochs: [2/5] train_acc: 0.397 train_loss: 1.970
epochs: [3/5] train_acc: 0.439 train_loss: 1.835
