environment: 
YAML: configs/fedprox.yaml
==> model: Resnet18
==> client_model: Resnet18
==> dataset_path: datasets/cifar10
==> dataset: cifar10
==> nclass: 10
==> test_dataset: cifar10
==> test_dataset_path: datasets/cifar10
==> standardize: True
==> augment: True
==> pin_memory: True
==> n_workers: 4
==> SEED: 42
==> batch_size: 32
==> gpu: 0
==> server_gpu: 0
==> adv: False
==> iid: False
==> beta: 0.4
==> alpha: 0.01
==> params_avg: 0.001
==> n_clients: 10
==> sample_clients: 1
==> lr: 0.001
==> total_iterations: 100
==> client_iterations: 5
==> img_size: [32, 32]
==> eval_mode: True
==> individual: False
==> opt: SGD
==> momentum: 0.9
==> return_logs: False
==> pid: 30011
augmenting dataset
standardizing dataset
Files already downloaded and verified
50000
non iid data loading
tensor([ 7802,  1100,     3,  3220,   104,  2156,   353,  2676, 27992,  4594])
Files already downloaded and verified
iteration [1/100]
############## client 1 ##############
epochs: [1/5] train_acc: 0.162 train_loss: 2.635
epochs: [2/5] train_acc: 0.293 train_loss: 2.277
epochs: [3/5] train_acc: 0.368 train_loss: 2.040
epochs: [4/5] train_acc: 0.436 train_loss: 1.849
epochs: [5/5] train_acc: 0.501 train_loss: 1.674
############## client 0 ##############
epochs: [1/5] train_acc: 0.303 train_loss: 2.219
epochs: [2/5] train_acc: 0.410 train_loss: 1.901
epochs: [3/5] train_acc: 0.465 train_loss: 1.756
epochs: [4/5] train_acc: 0.514 train_loss: 1.654
epochs: [5/5] train_acc: 0.548 train_loss: 1.566
############## client 4 ##############
epochs: [1/5] train_acc: 0.086 train_loss: 2.704
epochs: [2/5] train_acc: 0.211 train_loss: 2.620
epochs: [3/5] train_acc: 0.367 train_loss: 2.192
epochs: [4/5] train_acc: 0.391 train_loss: 2.249
epochs: [5/5] train_acc: 0.461 train_loss: 2.034
############## client 9 ##############
epochs: [1/5] train_acc: 0.251 train_loss: 2.356
epochs: [2/5] train_acc: 0.381 train_loss: 1.994
epochs: [3/5] train_acc: 0.434 train_loss: 1.842
epochs: [4/5] train_acc: 0.487 train_loss: 1.706
epochs: [5/5] train_acc: 0.521 train_loss: 1.602
############## client 6 ##############
epochs: [1/5] train_acc: 0.138 train_loss: 2.496
epochs: [2/5] train_acc: 0.193 train_loss: 2.226
epochs: [3/5] train_acc: 0.281 train_loss: 1.989
epochs: [4/5] train_acc: 0.346 train_loss: 1.774
epochs: [5/5] train_acc: 0.427 train_loss: 1.572
############## client 5 ##############
epochs: [1/5] train_acc: 0.215 train_loss: 2.467
epochs: [2/5] train_acc: 0.337 train_loss: 2.108
epochs: [3/5] train_acc: 0.387 train_loss: 1.942
epochs: [4/5] train_acc: 0.458 train_loss: 1.816
epochs: [5/5] train_acc: 0.502 train_loss: 1.668
############## client 8 ##############
epochs: [1/5] train_acc: 0.382 train_loss: 1.993
epochs: [2/5] train_acc: 0.513 train_loss: 1.649
epochs: [3/5] train_acc: 0.567 train_loss: 1.500
epochs: [4/5] train_acc: 0.606 train_loss: 1.400
