environment: 
YAML: configs/scaffold_c100.yaml
==> model: Resnet18
==> client_model: Resnet18
==> dataset_path: datasets/cifar100
==> dataset: cifar100
==> nclass: 100
==> test_dataset: cifar100
==> test_dataset_path: datasets/cifar100
==> standardize: True
==> augment: True
==> pin_memory: True
==> n_workers: 4
==> SEED: 42
==> batch_size: 32
==> gpu: 0
==> server_gpu: 0
==> adv: False
==> iid: False
==> beta: 0.6
==> alpha: 0.01
==> params_avg: 0.001
==> n_clients: 30
==> sample_clients: 0.3
==> lr: 0.001
==> total_iterations: 100
==> client_iterations: 5
==> img_size: [32, 32]
==> eval_mode: True
==> individual: False
==> opt: SGD
==> momentum: 0.9
==> return_logs: False
==> pid: 30011
augmenting dataset
standardizing
Files already downloaded and verified
50000
non iid data loading
tensor([ 4648,  1183,    26,  2208,   273,  1466,   483,  2117, 15150,  3339,
         2279,  1255,   289,    43,   703,   778,   353,   744,   916,   234,
          344,   148,  1013,  1629,  2836,   110,    75,  2163,    36,  3159])
Files already downloaded and verified
iteration [1/100]
############## client 20 ##############
epochs: [1/5] train_acc: 0.020 train_loss: 4.953
epochs: [2/5] train_acc: 0.039 train_loss: 4.523
epochs: [3/5] train_acc: 0.081 train_loss: 4.337
epochs: [4/5] train_acc: 0.108 train_loss: 3.991
epochs: [5/5] train_acc: 0.205 train_loss: 3.481
############## client 3 ##############
epochs: [1/5] train_acc: 0.041 train_loss: 4.596
epochs: [2/5] train_acc: 0.095 train_loss: 4.110
epochs: [3/5] train_acc: 0.128 train_loss: 3.806
epochs: [4/5] train_acc: 0.161 train_loss: 3.570
epochs: [5/5] train_acc: 0.207 train_loss: 3.317
############## client 0 ##############
epochs: [1/5] train_acc: 0.105 train_loss: 3.956
epochs: [2/5] train_acc: 0.158 train_loss: 3.553
epochs: [3/5] train_acc: 0.203 train_loss: 3.277
epochs: [4/5] train_acc: 0.239 train_loss: 3.069
epochs: [5/5] train_acc: 0.272 train_loss: 2.900
############## client 23 ##############
epochs: [1/5] train_acc: 0.167 train_loss: 3.641
epochs: [2/5] train_acc: 0.255 train_loss: 3.099
epochs: [3/5] train_acc: 0.295 train_loss: 2.779
epochs: [4/5] train_acc: 0.365 train_loss: 2.455
epochs: [5/5] train_acc: 0.442 train_loss: 2.180
############## client 8 ##############
