environment: 
YAML: configs/scaffold_amp.yaml
==> model: Resnet18
==> client_model: Resnet18
==> dataset_path: datasets/cifar10
==> dataset: cifar10
==> nclass: 10
==> test_dataset: cifar10
==> test_dataset_path: datasets/cifar10
==> standardize: True
==> augment: True
==> pin_memory: True
==> n_workers: 4
==> SEED: 42
==> batch_size: 32
==> gpu: 0
==> server_gpu: 0
==> adv: True
==> epsilon: 0.5
==> inner_lr: 0.01
==> inner_iter: 1
==> iid: False
==> beta: 0.6
==> alpha: 0.01
==> params_avg: 0.001
==> n_clients: 30
==> sample_clients: 0.3
==> lr: 0.001
==> total_iterations: 100
==> client_iterations: 5
==> img_size: [32, 32]
==> eval_mode: True
==> individual: False
==> opt: SGD
==> momentum: 0.9
==> return_logs: False
==> pid: 30011
augmenting dataset
standardizing dataset
Files already downloaded and verified
50000
non iid data loading
tensor([ 4648,  1183,    26,  2208,   273,  1466,   483,  2117, 15150,  3339,
         2279,  1255,   289,    43,   703,   778,   353,   744,   916,   234,
          344,   148,  1013,  1629,  2836,   110,    75,  2163,    36,  3159])
Files already downloaded and verified
iteration [1/100]
############## client 20 ##############
epochs: [1/5] train_acc: 0.132 train_loss: 2.508
epochs: [2/5] train_acc: 0.221 train_loss: 2.210
epochs: [3/5] train_acc: 0.232 train_loss: 2.100
epochs: [4/5] train_acc: 0.266 train_loss: 2.019
epochs: [5/5] train_acc: 0.281 train_loss: 2.038
############## client 3 ##############
epochs: [1/5] train_acc: 0.190 train_loss: 2.170
epochs: [2/5] train_acc: 0.199 train_loss: 2.103
epochs: [3/5] train_acc: 0.239 train_loss: 1.973
epochs: [4/5] train_acc: 0.286 train_loss: 1.891
epochs: [5/5] train_acc: 0.300 train_loss: 1.816
############## client 0 ##############
epochs: [1/5] train_acc: 0.316 train_loss: 1.793
epochs: [2/5] train_acc: 0.353 train_loss: 1.730
epochs: [3/5] train_acc: 0.380 train_loss: 1.652
epochs: [4/5] train_acc: 0.423 train_loss: 1.568
epochs: [5/5] train_acc: 0.441 train_loss: 1.532
############## client 23 ##############
epochs: [1/5] train_acc: 0.417 train_loss: 1.574
epochs: [2/5] train_acc: 0.434 train_loss: 1.526
epochs: [3/5] train_acc: 0.456 train_loss: 1.484
epochs: [4/5] train_acc: 0.475 train_loss: 1.442
epochs: [5/5] train_acc: 0.497 train_loss: 1.397
############## client 8 ##############
epochs: [1/5] train_acc: 0.459 train_loss: 1.477
